  BitmapComponent.cpp
C:\Denis Learning\repos\LBEngine\LBEngine\BitmapComponent.cpp(69,6): warning C4101: i: неиспользованная локальная переменная
  Entity.cpp
  CameraActionSystem.cpp
C:\Denis Learning\repos\LBEngine\LBEngine\inc\CameraActionSystem.cpp(22,60): warning C4244: аргумент: преобразование "double" в "float", возможна потеря данных
C:\Denis Learning\repos\LBEngine\LBEngine\inc\CameraActionSystem.cpp(22,1): warning C4305: аргумент: усечение из "double" в "float"
C:\Denis Learning\repos\LBEngine\LBEngine\inc\CameraActionSystem.cpp(25,46): warning C4244: аргумент: преобразование "double" в "float", возможна потеря данных
C:\Denis Learning\repos\LBEngine\LBEngine\inc\CameraActionSystem.cpp(26,46): warning C4244: аргумент: преобразование "double" в "float", возможна потеря данных
  InputComponent.cpp
  InputSystem.cpp
  PhysicsSystem.cpp
C:\Denis Learning\repos\LBEngine\LBEngine\PhysicsSystem.cpp(47,50): warning C4244: аргумент: преобразование "double" в "float", возможна потеря данных
C:\Denis Learning\repos\LBEngine\LBEngine\PhysicsSystem.cpp(52,70): warning C4244: аргумент: преобразование "double" в "float", возможна потеря данных
C:\Denis Learning\repos\LBEngine\LBEngine\PhysicsSystem.cpp(52,92): warning C4244: аргумент: преобразование "double" в "float", возможна потеря данных
C:\Denis Learning\repos\LBEngine\LBEngine\PhysicsSystem.cpp(56,31): warning C4244: аргумент: преобразование "double" в "float", возможна потеря данных
  PlayerComponent.cpp
  BitmapRenderSystem.cpp
  CircleCollisionComponent.cpp
  CollisionSystem.cpp
  ComponentTypeManager.cpp
C:\Denis Learning\repos\LBEngine\LBEngine\src\ComponentTypeManager.cpp(14,52): warning C4267: =: преобразование из "size_t" в "int"; возможна потеря данных
  MeshComponent.cpp
  MeshLoader.cpp
  System.cpp
  TransformComponent.cpp
C:\Denis Learning\repos\LBEngine\LBEngine\TransformComponent.cpp(11,41): warning C4244: аргумент: преобразование "double" в "float", возможна потеря данных
C:\Denis Learning\repos\LBEngine\LBEngine\TransformComponent.cpp(11,38): warning C4244: аргумент: преобразование "double" в "float", возможна потеря данных
C:\Denis Learning\repos\LBEngine\LBEngine\TransformComponent.cpp(11,35): warning C4244: аргумент: преобразование "double" в "float", возможна потеря данных
C:\Denis Learning\repos\LBEngine\LBEngine\TransformComponent.cpp(19,41): warning C4244: аргумент: преобразование "double" в "float", возможна потеря данных
C:\Denis Learning\repos\LBEngine\LBEngine\TransformComponent.cpp(19,38): warning C4244: аргумент: преобразование "double" в "float", возможна потеря данных
C:\Denis Learning\repos\LBEngine\LBEngine\TransformComponent.cpp(19,35): warning C4244: аргумент: преобразование "double" в "float", возможна потеря данных
C:\Denis Learning\repos\LBEngine\LBEngine\TransformComponent.cpp(19,64): warning C4244: аргумент: преобразование "double" в "float", возможна потеря данных
C:\Denis Learning\repos\LBEngine\LBEngine\TransformComponent.cpp(19,60): warning C4244: аргумент: преобразование "double" в "float", возможна потеря данных
C:\Denis Learning\repos\LBEngine\LBEngine\TransformComponent.cpp(19,56): warning C4244: аргумент: преобразование "double" в "float", возможна потеря данных
C:\Denis Learning\repos\LBEngine\LBEngine\TransformComponent.cpp(20,18): warning C4244: аргумент: преобразование "double" в "float", возможна потеря данных
C:\Denis Learning\repos\LBEngine\LBEngine\TransformComponent.cpp(20,14): warning C4244: аргумент: преобразование "double" в "float", возможна потеря данных
C:\Denis Learning\repos\LBEngine\LBEngine\TransformComponent.cpp(20,10): warning C4244: аргумент: преобразование "double" в "float", возможна потеря данных
C:\Denis Learning\repos\LBEngine\LBEngine\TransformComponent.cpp(37,27): warning C4244: аргумент: преобразование "double" в "float", возможна потеря данных
C:\Denis Learning\repos\LBEngine\LBEngine\TransformComponent.cpp(37,24): warning C4244: аргумент: преобразование "double" в "float", возможна потеря данных
C:\Denis Learning\repos\LBEngine\LBEngine\TransformComponent.cpp(37,21): warning C4244: аргумент: преобразование "double" в "float", возможна потеря данных
C:\Denis Learning\repos\LBEngine\LBEngine\TransformComponent.cpp(49,31): warning C4244: аргумент: преобразование "double" в "float", возможна потеря данных
C:\Denis Learning\repos\LBEngine\LBEngine\TransformComponent.cpp(49,27): warning C4244: аргумент: преобразование "double" в "float", возможна потеря данных
C:\Denis Learning\repos\LBEngine\LBEngine\TransformComponent.cpp(49,23): warning C4244: аргумент: преобразование "double" в "float", возможна потеря данных
  Texture.cpp
  Scene.cpp
  TransformUpdateSystem.cpp
  Создание кода...
LINK : fatal error LNK1181: не удается открыть входной файл "DirectXTK.lib"
