  BitmapComponent.cpp
D:\Code\LBEngine\LBEngine\BitmapComponent.cpp(69,6): warning C4101: 'i': unreferenced local variable
  CameraComponent.cpp
D:\Code\LBEngine\LBEngine\CameraComponent.cpp(55,77): warning C4244: 'argument': conversion from 'double' to 'float', possible loss of data
D:\Code\LBEngine\LBEngine\CameraComponent.cpp(55,64): warning C4244: 'argument': conversion from 'double' to 'float', possible loss of data
D:\Code\LBEngine\LBEngine\CameraComponent.cpp(55,54): warning C4244: 'argument': conversion from 'double' to 'float', possible loss of data
D:\Code\LBEngine\LBEngine\CameraComponent.cpp(55,46): warning C4244: 'argument': conversion from 'double' to 'float', possible loss of data
D:\Code\LBEngine\LBEngine\CameraComponent.cpp(57,96): warning C4244: 'argument': conversion from 'double' to 'float', possible loss of data
D:\Code\LBEngine\LBEngine\CameraComponent.cpp(57,83): warning C4244: 'argument': conversion from 'double' to 'float', possible loss of data
D:\Code\LBEngine\LBEngine\CameraComponent.cpp(57,69): warning C4244: 'argument': conversion from 'double' to 'float', possible loss of data
D:\Code\LBEngine\LBEngine\CameraComponent.cpp(57,57): warning C4244: 'argument': conversion from 'double' to 'float', possible loss of data
  Component.cpp
  Entity.cpp
  InputComponent.cpp
  InputSystem.cpp
  PhysicsSystem.cpp
D:\Code\LBEngine\LBEngine\PhysicsSystem.cpp(47,50): warning C4244: 'argument': conversion from 'double' to 'float', possible loss of data
D:\Code\LBEngine\LBEngine\PhysicsSystem.cpp(52,70): warning C4244: 'argument': conversion from 'double' to 'float', possible loss of data
D:\Code\LBEngine\LBEngine\PhysicsSystem.cpp(52,92): warning C4244: 'argument': conversion from 'double' to 'float', possible loss of data
D:\Code\LBEngine\LBEngine\PhysicsSystem.cpp(56,31): warning C4244: 'argument': conversion from 'double' to 'float', possible loss of data
  PlayerComponent.cpp
  Scene.cpp
  TransformComponent.cpp
D:\Code\LBEngine\LBEngine\TransformComponent.cpp(11,41): warning C4244: 'argument': conversion from 'double' to 'float', possible loss of data
D:\Code\LBEngine\LBEngine\TransformComponent.cpp(11,38): warning C4244: 'argument': conversion from 'double' to 'float', possible loss of data
D:\Code\LBEngine\LBEngine\TransformComponent.cpp(11,35): warning C4244: 'argument': conversion from 'double' to 'float', possible loss of data
D:\Code\LBEngine\LBEngine\TransformComponent.cpp(19,41): warning C4244: 'argument': conversion from 'double' to 'float', possible loss of data
D:\Code\LBEngine\LBEngine\TransformComponent.cpp(19,38): warning C4244: 'argument': conversion from 'double' to 'float', possible loss of data
D:\Code\LBEngine\LBEngine\TransformComponent.cpp(19,35): warning C4244: 'argument': conversion from 'double' to 'float', possible loss of data
D:\Code\LBEngine\LBEngine\TransformComponent.cpp(19,64): warning C4244: 'argument': conversion from 'double' to 'float', possible loss of data
D:\Code\LBEngine\LBEngine\TransformComponent.cpp(19,60): warning C4244: 'argument': conversion from 'double' to 'float', possible loss of data
D:\Code\LBEngine\LBEngine\TransformComponent.cpp(19,56): warning C4244: 'argument': conversion from 'double' to 'float', possible loss of data
D:\Code\LBEngine\LBEngine\TransformComponent.cpp(20,18): warning C4244: 'argument': conversion from 'double' to 'float', possible loss of data
D:\Code\LBEngine\LBEngine\TransformComponent.cpp(20,14): warning C4244: 'argument': conversion from 'double' to 'float', possible loss of data
D:\Code\LBEngine\LBEngine\TransformComponent.cpp(20,10): warning C4244: 'argument': conversion from 'double' to 'float', possible loss of data
D:\Code\LBEngine\LBEngine\TransformComponent.cpp(37,27): warning C4244: 'argument': conversion from 'double' to 'float', possible loss of data
D:\Code\LBEngine\LBEngine\TransformComponent.cpp(37,24): warning C4244: 'argument': conversion from 'double' to 'float', possible loss of data
D:\Code\LBEngine\LBEngine\TransformComponent.cpp(37,21): warning C4244: 'argument': conversion from 'double' to 'float', possible loss of data
D:\Code\LBEngine\LBEngine\TransformComponent.cpp(49,31): warning C4244: 'argument': conversion from 'double' to 'float', possible loss of data
D:\Code\LBEngine\LBEngine\TransformComponent.cpp(49,27): warning C4244: 'argument': conversion from 'double' to 'float', possible loss of data
D:\Code\LBEngine\LBEngine\TransformComponent.cpp(49,23): warning C4244: 'argument': conversion from 'double' to 'float', possible loss of data
  TransformUpdateSystem.cpp
  CameraActionSystem.cpp
D:\Code\LBEngine\LBEngine\inc\CameraActionSystem.cpp(22,60): warning C4244: 'argument': conversion from 'double' to 'float', possible loss of data
D:\Code\LBEngine\LBEngine\inc\CameraActionSystem.cpp(22,1): warning C4305: 'argument': truncation from 'double' to 'float'
D:\Code\LBEngine\LBEngine\inc\CameraActionSystem.cpp(25,46): warning C4244: 'argument': conversion from 'double' to 'float', possible loss of data
D:\Code\LBEngine\LBEngine\inc\CameraActionSystem.cpp(26,46): warning C4244: 'argument': conversion from 'double' to 'float', possible loss of data
  AABBCollisionComponent.cpp
D:\Code\LBEngine\LBEngine\src\AABBCollisionComponent.cpp(7,218): warning C4244: 'argument': conversion from 'double' to 'float', possible loss of data
D:\Code\LBEngine\LBEngine\src\AABBCollisionComponent.cpp(7,209): warning C4244: 'argument': conversion from 'double' to 'float', possible loss of data
D:\Code\LBEngine\LBEngine\src\AABBCollisionComponent.cpp(7,248): warning C4244: 'argument': conversion from 'double' to 'float', possible loss of data
D:\Code\LBEngine\LBEngine\src\AABBCollisionComponent.cpp(7,236): warning C4244: 'argument': conversion from 'double' to 'float', possible loss of data
  BitmapRenderSystem.cpp
  CircleCollisionComponent.cpp
  CollisionComponent.cpp
  CollisionSystem.cpp
  Game.cpp
D:\Code\LBEngine\LBEngine\src\Game.cpp(49,15): warning C4244: 'argument': conversion from 'time_t' to 'unsigned int', possible loss of data
D:\Code\LBEngine\LBEngine\src\Game.cpp(445,99): warning C4244: 'argument': conversion from 'int' to 'float', possible loss of data
  MeshComponent.cpp
  PhysicsComponent.cpp
  Compiling...
  WalkComponent.cpp
  LBEngine.vcxproj -> D:\Code\LBEngine\LBEngine\bin64\LBEngine.lib
